\BOOKMARK [1][-]{section.1}{\376\377\000I\000n\000t\000r\000o\000d\000u\000z\000i\000o\000n\000e}{}% 1
\BOOKMARK [2][-]{subsection.1.1}{\376\377\000O\000b\000i\000e\000t\000t\000i\000v\000o}{section.1}% 2
\BOOKMARK [2][-]{subsection.1.2}{\376\377\000I\000n\000s\000t\000a\000l\000l\000a\000z\000i\000o\000n\000e\000\040\000V\000M\000\040\000B\000r\000a\000i\000n\000p\000a\000n}{section.1}% 3
\BOOKMARK [1][-]{section.2}{\376\377\000A\000z\000i\000o\000n\000i\000\040\000p\000r\000e\000l\000i\000m\000i\000n\000a\000r\000i}{}% 4
\BOOKMARK [2][-]{subsection.2.1}{\376\377\000I\000d\000e\000n\000t\000i\000f\000i\000c\000a\000z\000i\000o\000n\000e\000\040\000d\000e\000l\000l\000a\000\040\000V\000i\000r\000t\000u\000a\000l\000\040\000M\000a\000c\000h\000i\000n\000e}{section.2}% 5
\BOOKMARK [2][-]{subsection.2.2}{\376\377\000L\000'\000e\000s\000e\000g\000u\000i\000b\000i\000l\000e}{section.2}% 6
\BOOKMARK [1][-]{section.3}{\376\377\000A\000t\000t\000a\000c\000c\000o\000\040\000B\000r\000u\000t\000e\000\040\000F\000o\000r\000c\000e}{}% 7
\BOOKMARK [2][-]{subsection.3.1}{\376\377\000C\000o\000s\000'\000\350\000\040\000u\000n\000\040\000a\000t\000t\000a\000c\000c\000o\000\040\000B\000r\000u\000t\000e\000\040\000F\000o\000r\000c\000e\000?}{section.3}% 8
\BOOKMARK [2][-]{subsection.3.2}{\376\377\000A\000t\000t\000a\000c\000c\000o}{section.3}% 9
\BOOKMARK [3][-]{subsubsection.3.2.1}{\376\377\000P\000r\000i\000m\000o\000\040\000A\000t\000t\000a\000c\000c\000o}{subsection.3.2}% 10
\BOOKMARK [3][-]{subsubsection.3.2.2}{\376\377\000C\000r\000e\000a\000z\000i\000o\000n\000e\000\040\000s\000c\000r\000i\000p\000t\000\040\000p\000e\000r\000\040\000B\000r\000u\000t\000e\000\040\000F\000o\000r\000c\000e}{subsection.3.2}% 11
\BOOKMARK [3][-]{subsubsection.3.2.3}{\376\377\000U\000t\000i\000l\000i\000z\000z\000o\000\040\000d\000e\000l\000l\000o\000\040\000S\000c\000r\000i\000p\000t}{subsection.3.2}% 12
\BOOKMARK [2][-]{subsection.3.3}{\376\377\000C\000o\000n\000c\000l\000u\000s\000i\000o\000n\000e}{section.3}% 13
\BOOKMARK [1][-]{section.4}{\376\377\000A\000t\000t\000a\000c\000c\000o\000\040\000B\000u\000f\000f\000e\000r\000\040\000O\000v\000e\000r\000f\000l\000o\000w}{}% 14
\BOOKMARK [2][-]{subsection.4.1}{\376\377\000C\000o\000s\000'\000\350\000\040\000i\000l\000\040\000B\000u\000f\000f\000e\000r\000\040\000O\000v\000e\000r\000f\000l\000o\000w\000?}{section.4}% 15
\BOOKMARK [2][-]{subsection.4.2}{\376\377\000A\000t\000t\000a\000c\000c\000o}{section.4}% 16
\BOOKMARK [3][-]{subsubsection.4.2.1}{\376\377\000C\000o\000n\000t\000r\000o\000l\000l\000o\000\040\000p\000r\000e\000s\000e\000n\000z\000a\000\040\000B\000u\000f\000f\000e\000r\000\040\000O\000v\000e\000r\000f\000l\000o\000w}{subsection.4.2}% 17
\BOOKMARK [3][-]{subsubsection.4.2.2}{\376\377\000S\000c\000r\000i\000t\000t\000u\000r\000a\000\040\000n\000e\000l\000\040\000r\000e\000g\000i\000s\000t\000r\000o\000\040\000E\000I\000P}{subsection.4.2}% 18
\BOOKMARK [3][-]{subsubsection.4.2.3}{\376\377\000R\000i\000c\000e\000r\000c\000a\000\040\000d\000e\000l\000\040\000r\000e\000g\000i\000s\000t\000r\000o\000\040\000J\000M\000P\000\040\000E\000S\000P}{subsection.4.2}% 19
\BOOKMARK [3][-]{subsubsection.4.2.4}{\376\377\000C\000r\000e\000a\000z\000i\000o\000n\000e\000\040\000r\000e\000v\000e\000r\000s\000e\000\040\000s\000h\000e\000l\000l}{subsection.4.2}% 20
\BOOKMARK [3][-]{subsubsection.4.2.5}{\376\377\000S\000c\000r\000i\000p\000t\000\040\000p\000e\000r\000\040\000a\000t\000t\000a\000c\000c\000o}{subsection.4.2}% 21
\BOOKMARK [3][-]{subsubsection.4.2.6}{\376\377\000C\000r\000e\000a\000z\000i\000o\000n\000e\000\040\000h\000a\000n\000d\000l\000e\000r}{subsection.4.2}% 22
\BOOKMARK [3][-]{subsubsection.4.2.7}{\376\377\000A\000t\000t\000a\000c\000c\000o\000\040\000B\000u\000f\000f\000e\000r\000\040\000O\000v\000e\000r\000f\000l\000o\000w}{subsection.4.2}% 23
\BOOKMARK [3][-]{subsubsection.4.2.8}{\376\377\000M\000o\000d\000i\000f\000i\000c\000a\000\040\000s\000c\000r\000i\000p\000t\000\040\000p\000y\000t\000h\000o\000n}{subsection.4.2}% 24
\BOOKMARK [2][-]{subsection.4.3}{\376\377\000C\000o\000n\000c\000l\000u\000s\000i\000o\000n\000e}{section.4}% 25
\BOOKMARK [1][-]{section.5}{\376\377\000B\000i\000b\000l\000i\000o\000g\000r\000a\000f\000i\000a\000\040\000e\000\040\000S\000i\000t\000o\000g\000r\000a\000f\000i\000a}{}% 26
